[08-Jul-2026 11:19:11 Asia/Kolkata] PHP Fatal error:  Uncaught RuntimeException: Database connection failed: SQLSTATE[HY000] [1045] Access denied for user 'u814177917_matrimony'@'localhost' (using password: YES) in C:\xampp\htdocs\Matrimony\src\Database\Connection.php:42
Stack trace:
#0 C:\xampp\htdocs\Matrimony\modules\matches\controllers\FilterController.php(12): Matrimony\Database\Connection::pdo()
#1 C:\xampp\htdocs\Matrimony\api\matches\count.php(15): FilterController->getCount(Array, 102)
#2 C:\xampp\htdocs\Matrimony\public_html\index.php(16): require('C:\\xampp\\htdocs...')
#3 {main}
  thrown in C:\xampp\htdocs\Matrimony\src\Database\Connection.php on line 42
[08-Jul-2026 11:19:12 Asia/Kolkata] Matches list error: Database connection failed: SQLSTATE[HY000] [1045] Access denied for user 'u814177917_matrimony'@'localhost' (using password: YES) in C:\xampp\htdocs\Matrimony\src\Database\Connection.php:42
[08-Jul-2026 11:25:20 Asia/Kolkata] ProfileService: updatePersonal validation failed | Context: {"user_id":102,"errors":{"height_cm":"Minimum 50","weight_kg":"Minimum 10"}}
[08-Jul-2026 11:25:30 Asia/Kolkata] ProfileService: updateFamily failed | Context: {"user_id":102,"error":"Matrimony\\Services\\ProfileService::upsertRecord(): Argument #1 ($pdo) must be of type Matrimony\\Database\\Connection, PDO given, called in C:\\xampp\\htdocs\\Matrimony\\src\\Services\\ProfileService.php on line 258"}
[08-Jul-2026 11:25:37 Asia/Kolkata] ProfileService: updateLifestyle failed | Context: {"user_id":102,"error":"Matrimony\\Services\\ProfileService::upsertRecord(): Argument #1 ($pdo) must be of type Matrimony\\Database\\Connection, PDO given, called in C:\\xampp\\htdocs\\Matrimony\\src\\Services\\ProfileService.php on line 298"}
[08-Jul-2026 11:25:37 Asia/Kolkata] ProfileService: updateHoroscope failed | Context: {"user_id":102,"error":"Matrimony\\Services\\ProfileService::upsertRecord(): Argument #1 ($pdo) must be of type Matrimony\\Database\\Connection, PDO given, called in C:\\xampp\\htdocs\\Matrimony\\src\\Services\\ProfileService.php on line 326"}
[08-Jul-2026 11:25:43 Asia/Kolkata] ProfileService: updatePreferences failed | Context: {"user_id":102,"error":"Matrimony\\Services\\ProfileService::upsertRecord(): Argument #1 ($pdo) must be of type Matrimony\\Database\\Connection, PDO given, called in C:\\xampp\\htdocs\\Matrimony\\src\\Services\\ProfileService.php on line 374"}
[08-Jul-2026 11:25:52 Asia/Kolkata] ProfileService: updatePrivacy failed | Context: {"user_id":102,"error":"Matrimony\\Services\\ProfileService::upsertRecord(): Argument #1 ($pdo) must be of type Matrimony\\Database\\Connection, PDO given, called in C:\\xampp\\htdocs\\Matrimony\\src\\Services\\ProfileService.php on line 456"}
[08-Jul-2026 11:25:52 Asia/Kolkata] ProfileService: updatePrivacy failed | Context: {"user_id":102,"error":"Matrimony\\Services\\ProfileService::upsertRecord(): Argument #1 ($pdo) must be of type Matrimony\\Database\\Connection, PDO given, called in C:\\xampp\\htdocs\\Matrimony\\src\\Services\\ProfileService.php on line 456"}
[08-Jul-2026 11:25:53 Asia/Kolkata] ProfileService: updatePrivacy failed | Context: {"user_id":102,"error":"Matrimony\\Services\\ProfileService::upsertRecord(): Argument #1 ($pdo) must be of type Matrimony\\Database\\Connection, PDO given, called in C:\\xampp\\htdocs\\Matrimony\\src\\Services\\ProfileService.php on line 456"}
[08-Jul-2026 11:25:53 Asia/Kolkata] ProfileService: updatePrivacy failed | Context: {"user_id":102,"error":"Matrimony\\Services\\ProfileService::upsertRecord(): Argument #1 ($pdo) must be of type Matrimony\\Database\\Connection, PDO given, called in C:\\xampp\\htdocs\\Matrimony\\src\\Services\\ProfileService.php on line 456"}
[08-Jul-2026 11:26:02 Asia/Kolkata] ProfileService: updatePersonal validation failed | Context: {"user_id":102,"errors":{"height_cm":"Minimum 50","weight_kg":"Minimum 10"}}
[08-Jul-2026 11:33:04 Asia/Kolkata] ProfileService: updateFamily failed | Context: {"user_id":102,"error":"Matrimony\\Services\\ProfileService::upsertRecord(): Argument #1 ($pdo) must be of type Matrimony\\Database\\Connection, PDO given, called in C:\\xampp\\htdocs\\Matrimony\\src\\Services\\ProfileService.php on line 258"}
[08-Jul-2026 11:33:10 Asia/Kolkata] ProfileService: updatePersonal validation failed | Context: {"user_id":102,"errors":{"height_cm":"Minimum 50","weight_kg":"Minimum 10"}}
[08-Jul-2026 11:39:04 Asia/Kolkata] ProfileService: updatePersonal validation failed | Context: {"user_id":102,"errors":{"height_cm":"Minimum 50","weight_kg":"Minimum 10"}}
[08-Jul-2026 11:39:12 Asia/Kolkata] ProfileService: updatePersonal validation failed | Context: {"user_id":102,"errors":{"height_cm":"Minimum 50","weight_kg":"Minimum 10"}}
[08-Jul-2026 11:43:11 Asia/Kolkata] ProfileService: updatePersonal validation failed | Context: {"user_id":102,"errors":{"height_cm":"Minimum 50","weight_kg":"Minimum 10"}}
[08-Jul-2026 11:47:50 Asia/Kolkata] ProfileService: updatePersonal validation failed | Context: {"user_id":102,"errors":{"height_cm":"Minimum 50","weight_kg":"Minimum 10"}}
[08-Jul-2026 11:48:08 Asia/Kolkata] ProfileService: updatePersonal validation failed | Context: {"user_id":102,"errors":{"height_cm":"Minimum 50","weight_kg":"Minimum 10"}}
[08-Jul-2026 12:04:22 Asia/Kolkata] ProfileService: updatePersonal validation failed | Context: {"user_id":102,"errors":{"height_cm":"Minimum 50","weight_kg":"Minimum 10"}}
[08-Jul-2026 12:35:22 Asia/Kolkata] Matches list error: Database connection failed: SQLSTATE[HY000] [1045] Access denied for user 'u814177917_matrimony'@'localhost' (using password: YES) in C:\xampp\htdocs\Matrimony\src\Database\Connection.php:42
[08-Jul-2026 12:35:23 Asia/Kolkata] Matches list error: Database connection failed: SQLSTATE[HY000] [1045] Access denied for user 'u814177917_matrimony'@'localhost' (using password: YES) in C:\xampp\htdocs\Matrimony\src\Database\Connection.php:42
[08-Jul-2026 12:35:24 Asia/Kolkata] Matches list error: Database connection failed: SQLSTATE[HY000] [1045] Access denied for user 'u814177917_matrimony'@'localhost' (using password: YES) in C:\xampp\htdocs\Matrimony\src\Database\Connection.php:42
[08-Jul-2026 12:35:24 Asia/Kolkata] Matches list error: Database connection failed: SQLSTATE[HY000] [1045] Access denied for user 'u814177917_matrimony'@'localhost' (using password: YES) in C:\xampp\htdocs\Matrimony\src\Database\Connection.php:42
[08-Jul-2026 12:35:24 Asia/Kolkata] Matches list error: Database connection failed: SQLSTATE[HY000] [1045] Access denied for user 'u814177917_matrimony'@'localhost' (using password: YES) in C:\xampp\htdocs\Matrimony\src\Database\Connection.php:42
[08-Jul-2026 12:35:25 Asia/Kolkata] Matches list error: Database connection failed: SQLSTATE[HY000] [1045] Access denied for user 'u814177917_matrimony'@'localhost' (using password: YES) in C:\xampp\htdocs\Matrimony\src\Database\Connection.php:42
[08-Jul-2026 12:35:26 Asia/Kolkata] Matches list error: Database connection failed: SQLSTATE[HY000] [1045] Access denied for user 'u814177917_matrimony'@'localhost' (using password: YES) in C:\xampp\htdocs\Matrimony\src\Database\Connection.php:42
[08-Jul-2026 14:42:15 Asia/Kolkata] ProfileService: updatePersonal validation failed | Context: {"user_id":103,"errors":{"height_cm":"Minimum 50","weight_kg":"Minimum 10"}}
[08-Jul-2026 16:45:53 Asia/Kolkata] ProfileService: updatePersonal failed | Context: {"user_id":102,"error":"SQLSTATE[42S22]: Column not found: 1054 Unknown column 'phone' in 'field list'"}
[08-Jul-2026 16:46:15 Asia/Kolkata] ProfileService: updatePersonal failed | Context: {"user_id":102,"error":"SQLSTATE[42S22]: Column not found: 1054 Unknown column 'phone' in 'field list'"}
[08-Jul-2026 16:46:50 Asia/Kolkata] ProfileService: updatePersonal failed | Context: {"user_id":102,"error":"SQLSTATE[42S22]: Column not found: 1054 Unknown column 'phone' in 'field list'"}
[08-Jul-2026 16:47:29 Asia/Kolkata] ProfileService: updatePersonal failed | Context: {"user_id":102,"error":"SQLSTATE[42S22]: Column not found: 1054 Unknown column 'phone' in 'field list'"}
[08-Jul-2026 16:48:03 Asia/Kolkata] ProfileService: updatePersonal failed | Context: {"user_id":102,"error":"SQLSTATE[42S22]: Column not found: 1054 Unknown column 'phone' in 'field list'"}
[08-Jul-2026 17:45:25 Asia/Kolkata] ProfileService: updatePersonal failed | Context: {"user_id":102,"error":"SQLSTATE[42S22]: Column not found: 1054 Unknown column 'phone' in 'SET'"}
[08-Jul-2026 17:46:14 Asia/Kolkata] ProfileService: updatePersonal failed | Context: {"user_id":102,"error":"SQLSTATE[42S22]: Column not found: 1054 Unknown column 'phone' in 'SET'"}
